#
# There is insufficient memory for the Java Runtime Environment to continue.
# Native memory allocation (mmap) failed to map 65536 bytes for Failed to commit metaspace.
# Possible reasons:
#   The system is out of physical RAM or swap space
#   The process is running with CompressedOops enabled, and the Java Heap may be blocking the growth of the native heap
# Possible solutions:
#   Reduce memory load on the system
#   Increase physical memory or swap space
#   Check if swap backing store is full
#   Decrease Java heap size (-Xmx/-Xms)
#   Decrease number of Java threads
#   Decrease Java thread stack sizes (-Xss)
#   Set larger code cache with -XX:ReservedCodeCacheSize=
#   JVM is running with Unscaled Compressed Oops mode in which the Java heap is
#     placed in the first 4GB address space. The Java Heap base address is the
#     maximum limit for the native heap growth. Please use -XX:HeapBaseMinAddress
#     to set the Java Heap base and to place the Java Heap above 4GB virtual address.
# This output file may be truncated or incomplete.
#
#  Out of Memory Error (virtualSpaceNode.cpp:110), pid=14516, tid=16912
#
# JRE version: Java(TM) SE Runtime Environment (17.0.5+9) (build 17.0.5+9-LTS-191)
# Java VM: Java HotSpot(TM) 64-Bit Server VM (17.0.5+9-LTS-191, mixed mode, sharing, tiered, compressed oops, compressed class ptrs, g1 gc, windows-amd64)
# No core dump will be written. Minidumps are not enabled by default on client versions of Windows
#

---------------  S U M M A R Y ------------

Command Line: -Dfile.encoding=UTF-8 --module-path=C:\Users\Sam Carter\OneDrive\Documents\NetBeansProjects\University Management System\build\classes university.management.system.About

Host: AMD Ryzen 3 2200U with Radeon Vega Mobile Gfx  , 4 cores, 3G,  Windows 10 , 64 bit Build 19041 (10.0.19041.2364)
Time: Fri Mar  3 16:19:15 2023 India Standard Time elapsed time: 0.212986 seconds (0d 0h 0m 0s)

---------------  T H R E A D  ---------------

Current thread (0x000001f8066dbd60):  JavaThread "main" [_thread_in_vm, id=16912, stack(0x000000a6dbf00000,0x000000a6dc000000)]

Stack: [0x000000a6dbf00000,0x000000a6dc000000]
Native frames: (J=compiled Java code, j=interpreted, Vv=VM code, C=native code)
V  [jvm.dll+0x672eea]
V  [jvm.dll+0x7d2a04]
V  [jvm.dll+0x7d41ae]
V  [jvm.dll+0x7d4813]
V  [jvm.dll+0x242c15]
V  [jvm.dll+0x7ce9ab]
V  [jvm.dll+0x618bb6]
V  [jvm.dll+0x618c1a]
V  [jvm.dll+0x61b42a]
V  [jvm.dll+0x619556]
V  [jvm.dll+0x6232b7]
V  [jvm.dll+0x1e7e7b]
V  [jvm.dll+0x1e83b5]
V  [jvm.dll+0x1e8def]
V  [jvm.dll+0x1de2a1]
V  [jvm.dll+0x5393e0]
V  [jvm.dll+0x1eea87]
V  [jvm.dll+0x74c92b]
V  [jvm.dll+0x74dcd2]
V  [jvm.dll+0x74e469]
V  [jvm.dll+0x1e90a4]
V  [jvm.dll+0x1de2ba]
V  [jvm.dll+0x5393e0]
V  [jvm.dll+0x1eea87]
V  [jvm.dll+0x74c92b]
V  [jvm.dll+0x74dcd2]
V  [jvm.dll+0x74e469]
V  [jvm.dll+0x1e90a4]
V  [jvm.dll+0x1de2ba]
V  [jvm.dll+0x5393e0]
V  [jvm.dll+0x1eea87]
V  [jvm.dll+0x74c92b]
V  [jvm.dll+0x74dcd2]
V  [jvm.dll+0x74e469]
V  [jvm.dll+0x1e90a4]
V  [jvm.dll+0x1de2ba]
V  [jvm.dll+0x5393e0]
V  [jvm.dll+0x1eea87]
V  [jvm.dll+0x74c92b]
V  [jvm.dll+0x74dcd2]
V  [jvm.dll+0x74e469]
V  [jvm.dll+0x1e90a4]
V  [jvm.dll+0x1de2ba]
V  [jvm.dll+0x5393e0]
V  [jvm.dll+0x1eea87]
V  [jvm.dll+0x74c92b]
V  [jvm.dll+0x74dcd2]
V  [jvm.dll+0x4100b5]
C  [java.dll+0x1a55]

Java frames: (J=compiled Java code, j=interpreted, Vv=VM code)
j  java.lang.ClassLoader.findBootstrapClass(Ljava/lang/String;)Ljava/lang/Class;+0 java.base@17.0.5
j  java.lang.ClassLoader.findBootstrapClassOrNull(Ljava/lang/String;)Ljava/lang/Class;+10 java.base@17.0.5
j  java.lang.System$2.findBootstrapClassOrNull(Ljava/lang/String;)Ljava/lang/Class;+1 java.base@17.0.5
j  jdk.internal.loader.ClassLoaders$BootClassLoader.loadClassOrNull(Ljava/lang/String;Z)Ljava/lang/Class;+4 java.base@17.0.5
j  jdk.internal.loader.BuiltinClassLoader.loadClassOrNull(Ljava/lang/String;)Ljava/lang/Class;+3 java.base@17.0.5
j  jdk.internal.loader.BuiltinClassLoader.loadClassOrNull(Ljava/lang/String;Z)Ljava/lang/Class;+66 java.base@17.0.5
j  jdk.internal.loader.BuiltinClassLoader.loadClass(Ljava/lang/String;Z)Ljava/lang/Class;+3 java.base@17.0.5
j  jdk.internal.loader.ClassLoaders$AppClassLoader.loadClass(Ljava/lang/String;Z)Ljava/lang/Class;+36 java.base@17.0.5
j  java.lang.ClassLoader.loadClass(Ljava/lang/String;)Ljava/lang/Class;+3 java.base@17.0.5
v  ~StubRoutines::call_stub
j  java.lang.ClassLoader.defineClass1(Ljava/lang/ClassLoader;Ljava/lang/String;[BIILjava/security/ProtectionDomain;Ljava/lang/String;)Ljava/lang/Class;+0 java.base@17.0.5
j  java.lang.ClassLoader.defineClass(Ljava/lang/String;[BIILjava/security/ProtectionDomain;)Ljava/lang/Class;+27 java.base@17.0.5
j  java.security.SecureClassLoader.defineClass(Ljava/lang/String;[BIILjava/security/CodeSource;)Ljava/lang/Class;+12 java.base@17.0.5
j  jdk.internal.loader.BuiltinClassLoader.defineClass(Ljava/lang/String;Ljdk/internal/loader/Resource;)Ljava/lang/Class;+117 java.base@17.0.5
j  jdk.internal.loader.BuiltinClassLoader.findClassOnClassPathOrNull(Ljava/lang/String;)Ljava/lang/Class;+37 java.base@17.0.5
j  jdk.internal.loader.BuiltinClassLoader.loadClassOrNull(Ljava/lang/String;Z)Ljava/lang/Class;+111 java.base@17.0.5
j  jdk.internal.loader.BuiltinClassLoader.loadClass(Ljava/lang/String;Z)Ljava/lang/Class;+3 java.base@17.0.5
j  jdk.internal.loader.ClassLoaders$AppClassLoader.loadClass(Ljava/lang/String;Z)Ljava/lang/Class;+36 java.base@17.0.5
j  java.lang.ClassLoader.loadClass(Ljava/lang/String;)Ljava/lang/Class;+3 java.base@17.0.5
v  ~StubRoutines::call_stub
j  java.lang.Class.forName0(Ljava/lang/String;ZLjava/lang/ClassLoader;Ljava/lang/Class;)Ljava/lang/Class;+0 java.base@17.0.5
j  java.lang.Class.forName(Ljava/lang/String;ZLjava/lang/ClassLoader;)Ljava/lang/Class;+43 java.base@17.0.5
j  sun.launcher.LauncherHelper.loadMainClass(ILjava/lang/String;)Ljava/lang/Class;+95 java.base@17.0.5
j  sun.launcher.LauncherHelper.checkAndLoadMain(ZILjava/lang/String;)Ljava/lang/Class;+42 java.base@17.0.5
v  ~StubRoutines::call_stub

---------------  P R O C E S S  ---------------

Threads class SMR info:
_java_thread_list=0x000001f8220507a0, length=12, elements={
0x000001f8066dbd60, 0x000001f821360c10, 0x000001f821361a80, 0x000001f821371920,
0x000001f8213746e0, 0x000001f821375090, 0x000001f821375a40, 0x000001f8213767d0,
0x000001f821379280, 0x000001f8213f1670, 0x000001f82147ce10, 0x000001f82207cd10
}

Java Threads: ( => current thread )
=>0x000001f8066dbd60 JavaThread "main" [_thread_in_vm, id=16912, stack(0x000000a6dbf00000,0x000000a6dc000000)]
  0x000001f821360c10 JavaThread "Reference Handler" daemon [_thread_blocked, id=17544, stack(0x000000a6dc600000,0x000000a6dc700000)]
  0x000001f821361a80 JavaThread "Finalizer" daemon [_thread_blocked, id=9692, stack(0x000000a6dc700000,0x000000a6dc800000)]
  0x000001f821371920 JavaThread "Signal Dispatcher" daemon [_thread_blocked, id=20196, stack(0x000000a6dc800000,0x000000a6dc900000)]
  0x000001f8213746e0 JavaThread "Attach Listener" daemon [_thread_blocked, id=20400, stack(0x000000a6dc900000,0x000000a6dca00000)]
  0x000001f821375090 JavaThread "Service Thread" daemon [_thread_blocked, id=20484, stack(0x000000a6dca00000,0x000000a6dcb00000)]
  0x000001f821375a40 JavaThread "Monitor Deflation Thread" daemon [_thread_blocked, id=20488, stack(0x000000a6dcb00000,0x000000a6dcc00000)]
  0x000001f8213767d0 JavaThread "C2 CompilerThread0" daemon [_thread_blocked, id=20492, stack(0x000000a6dcc00000,0x000000a6dcd00000)]
  0x000001f821379280 JavaThread "C1 CompilerThread0" daemon [_thread_blocked, id=20500, stack(0x000000a6dcd00000,0x000000a6dce00000)]
  0x000001f8213f1670 JavaThread "Sweeper thread" daemon [_thread_blocked, id=20508, stack(0x000000a6dce00000,0x000000a6dcf00000)]
  0x000001f82147ce10 JavaThread "Common-Cleaner" daemon [_thread_blocked, id=20524, stack(0x000000a6dcf00000,0x000000a6dd000000)]
  0x000001f82207cd10 JavaThread "Notification Thread" daemon [_thread_blocked, id=20528, stack(0x000000a6dd000000,0x000000a6dd100000)]

Other Threads:
  0x000001f8067bced0 VMThread "VM Thread" [stack: 0x000000a6dc500000,0x000000a6dc600000] [id=20440]
  0x000001f82209b590 WatcherThread [stack: 0x000000a6dd100000,0x000000a6dd200000] [id=20532]
  0x000001f806714190 GCTaskThread "GC Thread#0" [stack: 0x000000a6dc000000,0x000000a6dc100000] [id=19744]
  0x000001f80671be10 ConcurrentGCThread "G1 Main Marker" [stack: 0x000000a6dc100000,0x000000a6dc200000] [id=5348]
  0x000001f80671c820 ConcurrentGCThread "G1 Conc#0" [stack: 0x000000a6dc200000,0x000000a6dc300000] [id=2964]
  0x000001f806757a70 ConcurrentGCThread "G1 Refine#0" [stack: 0x000000a6dc300000,0x000000a6dc400000] [id=14976]
  0x000001f806758490 ConcurrentGCThread "G1 Service" [stack: 0x000000a6dc400000,0x000000a6dc500000] [id=20328]

Threads with active compile tasks:

VM state: not at safepoint (normal execution)

VM Mutex/Monitor currently owned by a thread:  ([mutex/lock_event])
[0x000001f8066d7c70] Metaspace_lock - owner thread: 0x000001f8066dbd60

Heap address: 0x00000000c9600000, size: 874 MB, Compressed Oops mode: 32-bit

CDS archive(s) mapped at: [0x0000000800000000-0x0000000800bd0000-0x0000000800bd0000), size 12386304, SharedBaseAddress: 0x0000000800000000, ArchiveRelocationMode: 0.
Compressed class space mapped at: 0x0000000800c00000-0x0000000840c00000, reserved size: 1073741824
Narrow klass base: 0x0000000800000000, Narrow klass shift: 0, Narrow klass range: 0x100000000

GC Precious Log:
 CPUs: 4 total, 4 available
 Memory: 3491M
 Large Page Support: Disabled
 NUMA Support: Disabled
 Compressed Oops: Enabled (32-bit)
 Heap Region Size: 1M
 Heap Min Capacity: 8M
 Heap Initial Capacity: 56M
 Heap Max Capacity: 874M
 Pre-touch: Disabled
 Parallel Workers: 4
 Concurrent Workers: 1
 Concurrent Refinement Workers: 4
 Periodic GC: Disabled

Heap:
 garbage-first heap   total 57344K, used 1024K [0x00000000c9600000, 0x0000000100000000)
  region size 1024K, 2 young (2048K), 0 survivors (0K)
 Metaspace       used 674K, committed 832K, reserved 1056768K
  class space    used 31K, committed 128K, reserved 1048576K

Heap Regions: E=young(eden), S=young(survivor), O=old, HS=humongous(starts), HC=humongous(continues), CS=collection set, F=free, OA=open archive, CA=closed archive, TAMS=top-at-mark-start (previous, next)
|   0|0x00000000c9600000, 0x00000000c9600000, 0x00000000c9700000|  0%| F|  |TAMS 0x00000000c9600000, 0x00000000c9600000| Untracked 
|   1|0x00000000c9700000, 0x00000000c9700000, 0x00000000c9800000|  0%| F|  |TAMS 0x00000000c9700000, 0x00000000c9700000| Untracked 
|   2|0x00000000c9800000, 0x00000000c9800000, 0x00000000c9900000|  0%| F|  |TAMS 0x00000000c9800000, 0x00000000c9800000| Untracked 
|   3|0x00000000c9900000, 0x00000000c9900000, 0x00000000c9a00000|  0%| F|  |TAMS 0x00000000c9900000, 0x00000000c9900000| Untracked 
|   4|0x00000000c9a00000, 0x00000000c9a00000, 0x00000000c9b00000|  0%| F|  |TAMS 0x00000000c9a00000, 0x00000000c9a00000| Untracked 
|   5|0x00000000c9b00000, 0x00000000c9b00000, 0x00000000c9c00000|  0%| F|  |TAMS 0x00000000c9b00000, 0x00000000c9b00000| Untracked 
|   6|0x00000000c9c00000, 0x00000000c9c00000, 0x00000000c9d00000|  0%| F|  |TAMS 0x00000000c9c00000, 0x00000000c9c00000| Untracked 
|   7|0x00000000c9d00000, 0x00000000c9d00000, 0x00000000c9e00000|  0%| F|  |TAMS 0x00000000c9d00000, 0x00000000c9d00000| Untracked 
|   8|0x00000000c9e00000, 0x00000000c9e00000, 0x00000000c9f00000|  0%| F|  |TAMS 0x00000000c9e00000, 0x00000000c9e00000| Untracked 
|   9|0x00000000c9f00000, 0x00000000c9f00000, 0x00000000ca000000|  0%| F|  |TAMS 0x00000000c9f00000, 0x00000000c9f00000| Untracked 
|  10|0x00000000ca000000, 0x00000000ca000000, 0x00000000ca100000|  0%| F|  |TAMS 0x00000000ca000000, 0x00000000ca000000| Untracked 
|  11|0x00000000ca100000, 0x00000000ca100000, 0x00000000ca200000|  0%| F|  |TAMS 0x00000000ca100000, 0x00000000ca100000| Untracked 
|  12|0x00000000ca200000, 0x00000000ca200000, 0x00000000ca300000|  0%| F|  |TAMS 0x00000000ca200000, 0x00000000ca200000| Untracked 
|  13|0x00000000ca300000, 0x00000000ca300000, 0x00000000ca400000|  0%| F|  |TAMS 0x00000000ca300000, 0x00000000ca300000| Untracked 
|  14|0x00000000ca400000, 0x00000000ca400000, 0x00000000ca500000|  0%| F|  |TAMS 0x00000000ca400000, 0x00000000ca400000| Untracked 
|  15|0x00000000ca500000, 0x00000000ca500000, 0x00000000ca600000|  0%| F|  |TAMS 0x00000000ca500000, 0x00000000ca500000| Untracked 
|  16|0x00000000ca600000, 0x00000000ca600000, 0x00000000ca700000|  0%| F|  |TAMS 0x00000000ca600000, 0x00000000ca600000| Untracked 
|  17|0x00000000ca700000, 0x00000000ca700000, 0x00000000ca800000|  0%| F|  |TAMS 0x00000000ca700000, 0x00000000ca700000| Untracked 
|  18|0x00000000ca800000, 0x00000000ca800000, 0x00000000ca900000|  0%| F|  |TAMS 0x00000000ca800000, 0x00000000ca800000| Untracked 
|  19|0x00000000ca900000, 0x00000000ca900000, 0x00000000caa00000|  0%| F|  |TAMS 0x00000000ca900000, 0x00000000ca900000| Untracked 
|  20|0x00000000caa00000, 0x00000000caa00000, 0x00000000cab00000|  0%| F|  |TAMS 0x00000000caa00000, 0x00000000caa00000| Untracked 
|  21|0x00000000cab00000, 0x00000000cab00000, 0x00000000cac00000|  0%| F|  |TAMS 0x00000000cab00000, 0x00000000cab00000| Untracked 
|  22|0x00000000cac00000, 0x00000000cac00000, 0x00000000cad00000|  0%| F|  |TAMS 0x00000000cac00000, 0x00000000cac00000| Untracked 
|  23|0x00000000cad00000, 0x00000000cad00000, 0x00000000cae00000|  0%| F|  |TAMS 0x00000000cad00000, 0x00000000cad00000| Untracked 
|  24|0x00000000cae00000, 0x00000000cae00000, 0x00000000caf00000|  0%| F|  |TAMS 0x00000000cae00000, 0x00000000cae00000| Untracked 
|  25|0x00000000caf00000, 0x00000000caf00000, 0x00000000cb000000|  0%| F|  |TAMS 0x00000000caf00000, 0x00000000caf00000| Untracked 
|  26|0x00000000cb000000, 0x00000000cb000000, 0x00000000cb100000|  0%| F|  |TAMS 0x00000000cb000000, 0x00000000cb000000| Untracked 
|  27|0x00000000cb100000, 0x00000000cb100000, 0x00000000cb200000|  0%| F|  |TAMS 0x00000000cb100000, 0x00000000cb100000| Untracked 
|  28|0x00000000cb200000, 0x00000000cb200000, 0x00000000cb300000|  0%| F|  |TAMS 0x00000000cb200000, 0x00000000cb200000| Untracked 
|  29|0x00000000cb300000, 0x00000000cb300000, 0x00000000cb400000|  0%| F|  |TAMS 0x00000000cb300000, 0x00000000cb300000| Untracked 
|  30|0x00000000cb400000, 0x00000000cb400000, 0x00000000cb500000|  0%| F|  |TAMS 0x00000000cb400000, 0x00000000cb400000| Untracked 
|  31|0x00000000cb500000, 0x00000000cb500000, 0x00000000cb600000|  0%| F|  |TAMS 0x00000000cb500000, 0x00000000cb500000| Untracked 
|  32|0x00000000cb600000, 0x00000000cb600000, 0x00000000cb700000|  0%| F|  |TAMS 0x00000000cb600000, 0x00000000cb600000| Untracked 
|  33|0x00000000cb700000, 0x00000000cb700000, 0x00000000cb800000|  0%| F|  |TAMS 0x00000000cb700000, 0x00000000cb700000| Untracked 
|  34|0x00000000cb800000, 0x00000000cb800000, 0x00000000cb900000|  0%| F|  |TAMS 0x00000000cb800000, 0x00000000cb800000| Untracked 
|  35|0x00000000cb900000, 0x00000000cb900000, 0x00000000cba00000|  0%| F|  |TAMS 0x00000000cb900000, 0x00000000cb900000| Untracked 
|  36|0x00000000cba00000, 0x00000000cba00000, 0x00000000cbb00000|  0%| F|  |TAMS 0x00000000cba00000, 0x00000000cba00000| Untracked 
|  37|0x00000000cbb00000, 0x00000000cbb00000, 0x00000000cbc00000|  0%| F|  |TAMS 0x00000000cbb00000, 0x00000000cbb00000| Untracked 
|  38|0x00000000cbc00000, 0x00000000cbc00000, 0x00000000cbd00000|  0%| F|  |TAMS 0x00000000cbc00000, 0x00000000cbc00000| Untracked 
|  39|0x00000000cbd00000, 0x00000000cbd00000, 0x00000000cbe00000|  0%| F|  |TAMS 0x00000000cbd00000, 0x00000000cbd00000| Untracked 
|  40|0x00000000cbe00000, 0x00000000cbe00000, 0x00000000cbf00000|  0%| F|  |TAMS 0x00000000cbe00000, 0x00000000cbe00000| Untracked 
|  41|0x00000000cbf00000, 0x00000000cbf00000, 0x00000000cc000000|  0%| F|  |TAMS 0x00000000cbf00000, 0x00000000cbf00000| Untracked 
|  42|0x00000000cc000000, 0x00000000cc000000, 0x00000000cc100000|  0%| F|  |TAMS 0x00000000cc000000, 0x00000000cc000000| Untracked 
|  43|0x00000000cc100000, 0x00000000cc100000, 0x00000000cc200000|  0%| F|  |TAMS 0x00000000cc100000, 0x00000000cc100000| Untracked 
|  44|0x00000000cc200000, 0x00000000cc200000, 0x00000000cc300000|  0%| F|  |TAMS 0x00000000cc200000, 0x00000000cc200000| Untracked 
|  45|0x00000000cc300000, 0x00000000cc300000, 0x00000000cc400000|  0%| F|  |TAMS 0x00000000cc300000, 0x00000000cc300000| Untracked 
|  46|0x00000000cc400000, 0x00000000cc400000, 0x00000000cc500000|  0%| F|  |TAMS 0x00000000cc400000, 0x00000000cc400000| Untracked 
|  47|0x00000000cc500000, 0x00000000cc500000, 0x00000000cc600000|  0%| F|  |TAMS 0x00000000cc500000, 0x00000000cc500000| Untracked 
|  48|0x00000000cc600000, 0x00000000cc600000, 0x00000000cc700000|  0%| F|  |TAMS 0x00000000cc600000, 0x00000000cc600000| Untracked 
|  49|0x00000000cc700000, 0x00000000cc700000, 0x00000000cc800000|  0%| F|  |TAMS 0x00000000cc700000, 0x00000000cc700000| Untracked 
|  50|0x00000000cc800000, 0x00000000cc800000, 0x00000000cc900000|  0%| F|  |TAMS 0x00000000cc800000, 0x00000000cc800000| Untracked 
|  51|0x00000000cc900000, 0x00000000cc900000, 0x00000000cca00000|  0%| F|  |TAMS 0x00000000cc900000, 0x00000000cc900000| Untracked 
|  52|0x00000000cca00000, 0x00000000cca00000, 0x00000000ccb00000|  0%| F|  |TAMS 0x00000000cca00000, 0x00000000cca00000| Untracked 
|  53|0x00000000ccb00000, 0x00000000ccb00000, 0x00000000ccc00000|  0%| F|  |TAMS 0x00000000ccb00000, 0x00000000ccb00000| Untracked 
|  54|0x00000000ccc00000, 0x00000000ccd00000, 0x00000000ccd00000|100%| E|  |TAMS 0x00000000ccc00000, 0x00000000ccc00000| Complete 
|  55|0x00000000ccd00000, 0x00000000cce00000, 0x00000000cce00000|100%| E|CS|TAMS 0x00000000ccd00000, 0x00000000ccd00000| Complete 

Card table byte_map: [0x000001f81cf60000,0x000001f81d120000] _byte_map_base: 0x000001f81c915000

Marking Bits (Prev, Next): (CMBitMap*) 0x000001f8067147a0, (CMBitMap*) 0x000001f8067147e0
 Prev Bits: [0x000001f81d2e0000, 0x000001f81e088000)
 Next Bits: [0x000001f81e090000, 0x000001f81ee38000)

Polling page: 0x000001f804500000

Metaspace:

Usage:
  Non-class:    643.41 KB used.
      Class:     31.18 KB used.
       Both:    674.59 KB used.

Virtual space:
  Non-class space:        8.00 MB reserved,     704.00 KB (  9%) committed,  1 nodes.
      Class space:        1.00 GB reserved,     128.00 KB ( <1%) committed,  1 nodes.
             Both:        1.01 GB reserved,     832.00 KB ( <1%) committed. 

Chunk freelists:
   Non-Class:  3.99 MB
       Class:  3.75 MB
        Both:  7.74 MB

MaxMetaspaceSize: unlimited
CompressedClassSpaceSize: 1.00 GB
Initial GC threshold: 21.00 MB
Current GC threshold: 21.00 MB
CDS: on
MetaspaceReclaimPolicy: balanced
 - commit_granule_bytes: 65536.
 - commit_granule_words: 8192.
 - virtual_space_node_default_size: 1048576.
 - enlarge_chunks_in_place: 1.
 - new_chunks_are_fully_committed: 0.
 - uncommit_free_chunks: 1.
 - use_allocation_guard: 0.
 - handle_deallocations: 1.


Internal statistics:

num_allocs_failed_limit: 0.
num_arena_births: 6.
num_arena_deaths: 0.
num_vsnodes_births: 2.
num_vsnodes_deaths: 0.
num_space_committed: 13.
num_space_uncommitted: 0.
num_chunks_returned_to_freelist: 0.
num_chunks_taken_from_freelist: 6.
num_chunk_merges: 0.
num_chunk_splits: 2.
num_chunks_enlarged: 1.
num_purges: 0.
num_inconsistent_stats: 0.

CodeHeap 'non-profiled nmethods': size=120000Kb used=64Kb max_used=64Kb free=119935Kb
 bounds [0x000001f815a30000, 0x000001f815ca0000, 0x000001f81cf60000]
CodeHeap 'profiled nmethods': size=120000Kb used=224Kb max_used=224Kb free=119775Kb
 bounds [0x000001f80e500000, 0x000001f80e770000, 0x000001f815a30000]
CodeHeap 'non-nmethods': size=5760Kb used=1094Kb max_used=1109Kb free=4665Kb
 bounds [0x000001f80df60000, 0x000001f80e1d0000, 0x000001f80e500000]
 total_blobs=573 nmethods=205 adapters=281
 compilation: enabled
              stopped_count=0, restarted_count=0
 full_count=0

Compilation events (20 events):
Event: 0.187 Thread 0x000001f821379280 nmethod 198 0x000001f80e535890 code [0x000001f80e535a20, 0x000001f80e535bd8]
Event: 0.189 Thread 0x000001f821379280  200       3       java.lang.Math::max (11 bytes)
Event: 0.189 Thread 0x000001f821379280 nmethod 200 0x000001f80e535d10 code [0x000001f80e535ea0, 0x000001f80e535fd8]
Event: 0.189 Thread 0x000001f8213767d0 nmethod 199 0x000001f815a3f090 code [0x000001f815a3f220, 0x000001f815a3f4b8]
Event: 0.189 Thread 0x000001f8213767d0  174       4       java.util.HashMap::newNode (13 bytes)
Event: 0.190 Thread 0x000001f8213767d0 nmethod 174 0x000001f815a3f610 code [0x000001f815a3f7a0, 0x000001f815a3f8b8]
Event: 0.190 Thread 0x000001f8213767d0  187       4       java.util.zip.ZipUtils::SH (21 bytes)
Event: 0.191 Thread 0x000001f8213767d0 nmethod 187 0x000001f815a3f990 code [0x000001f815a3fb00, 0x000001f815a3fbb8]
Event: 0.191 Thread 0x000001f8213767d0  201       4       java.lang.StringLatin1::equals (36 bytes)
Event: 0.191 Thread 0x000001f821379280  202       3       java.io.WinNTFileSystem::isSlash (18 bytes)
Event: 0.191 Thread 0x000001f821379280 nmethod 202 0x000001f80e536090 code [0x000001f80e536220, 0x000001f80e5363b8]
Event: 0.192 Thread 0x000001f821379280  203       3       java.lang.CharacterDataLatin1::getProperties (11 bytes)
Event: 0.192 Thread 0x000001f821379280 nmethod 203 0x000001f80e536490 code [0x000001f80e536620, 0x000001f80e536758]
Event: 0.192 Thread 0x000001f821379280  204       3       java.lang.CharacterDataLatin1::toLowerCase (39 bytes)
Event: 0.192 Thread 0x000001f821379280 nmethod 204 0x000001f80e536810 code [0x000001f80e5369c0, 0x000001f80e536c18]
Event: 0.195 Thread 0x000001f8213767d0 nmethod 201 0x000001f815a3fc90 code [0x000001f815a3fe00, 0x000001f815a3ffb8]
Event: 0.195 Thread 0x000001f821379280  205       3       java.lang.AbstractStringBuilder::putStringAt (34 bytes)
Event: 0.196 Thread 0x000001f821379280 nmethod 205 0x000001f80e536d10 code [0x000001f80e536ee0, 0x000001f80e5371f8]
Event: 0.199 Thread 0x000001f821379280  206       3       java.lang.String::checkBoundsBeginEnd (63 bytes)
Event: 0.200 Thread 0x000001f821379280 nmethod 206 0x000001f80e537390 code [0x000001f80e537620, 0x000001f80e537f18]

GC Heap History (0 events):
No events

Deoptimization events (4 events):
Event: 0.191 Thread 0x000001f8066dbd60 Uncommon trap: trap_request=0xffffff45 fr.pc=0x000001f815a3ea40 relative=0x0000000000000860
Event: 0.191 Thread 0x000001f8066dbd60 Uncommon trap: reason=unstable_if action=reinterpret pc=0x000001f815a3ea40 method=java.util.HashMap.putVal(ILjava/lang/Object;Ljava/lang/Object;ZZ)Ljava/lang/Object; @ 81 c2
Event: 0.191 Thread 0x000001f8066dbd60 DEOPT PACKING pc=0x000001f815a3ea40 sp=0x000000a6dbffe5d0
Event: 0.191 Thread 0x000001f8066dbd60 DEOPT UNPACKING pc=0x000001f80dfb23a3 sp=0x000000a6dbffe570 mode 2

Classes unloaded (0 events):
No events

Classes redefined (0 events):
No events

Internal exceptions (4 events):
Event: 0.151 Thread 0x000001f8066dbd60 Exception <a 'sun/nio/fs/WindowsException'{0x00000000ccc31698}> (0x00000000ccc31698) 
thrown [s\open\src\hotspot\share\prims\jni.cpp, line 516]
Event: 0.151 Thread 0x000001f8066dbd60 Exception <a 'sun/nio/fs/WindowsException'{0x00000000ccc31c88}> (0x00000000ccc31c88) 
thrown [s\open\src\hotspot\share\prims\jni.cpp, line 516]
Event: 0.154 Thread 0x000001f8066dbd60 Exception <a 'sun/nio/fs/WindowsException'{0x00000000ccc34390}> (0x00000000ccc34390) 
thrown [s\open\src\hotspot\share\prims\jni.cpp, line 516]
Event: 0.154 Thread 0x000001f8066dbd60 Exception <a 'sun/nio/fs/WindowsException'{0x00000000ccc34fb8}> (0x00000000ccc34fb8) 
thrown [s\open\src\hotspot\share\prims\jni.cpp, line 516]

VM Operations (2 events):
Event: 0.155 Executing VM operation: HandshakeAllThreads
Event: 0.155 Executing VM operation: HandshakeAllThreads done

Events (20 events):
Event: 0.190 loading class java/util/Vector done
Event: 0.196 loading class jdk/internal/loader/URLClassPath$FileLoader$1
Event: 0.196 loading class jdk/internal/loader/URLClassPath$FileLoader$1 done
Event: 0.200 loading class javax/swing/JFrame
Event: 0.201 loading class javax/swing/WindowConstants
Event: 0.201 loading class javax/swing/WindowConstants done
Event: 0.201 loading class javax/accessibility/Accessible
Event: 0.201 loading class javax/accessibility/Accessible done
Event: 0.201 loading class javax/swing/RootPaneContainer
Event: 0.202 loading class javax/swing/RootPaneContainer done
Event: 0.202 loading class javax/swing/TransferHandler$HasGetTransferHandler
Event: 0.202 loading class javax/swing/TransferHandler$HasGetTransferHandler done
Event: 0.202 loading class java/awt/Frame
Event: 0.202 loading class java/awt/MenuContainer
Event: 0.202 loading class java/awt/MenuContainer done
Event: 0.202 loading class java/awt/Window
Event: 0.204 loading class java/awt/Container
Event: 0.206 loading class java/awt/Component
Event: 0.208 loading class java/awt/image/ImageObserver
Event: 0.208 loading class java/awt/image/ImageObserver done


Dynamic libraries:
0x00007ff719ae0000 - 0x00007ff719af0000 	C:\Program Files\Java\jdk-17.0.5\bin\java.exe
0x00007fffac650000 - 0x00007fffac848000 	C:\WINDOWS\SYSTEM32\ntdll.dll
0x00007fffaa690000 - 0x00007fffaa74f000 	C:\WINDOWS\System32\KERNEL32.DLL
0x00007fffa9f10000 - 0x00007fffaa1e2000 	C:\WINDOWS\System32\KERNELBASE.dll
0x00007fffaa2e0000 - 0x00007fffaa3e0000 	C:\WINDOWS\System32\ucrtbase.dll
0x00007fff93590000 - 0x00007fff935a8000 	C:\Program Files\Java\jdk-17.0.5\bin\jli.dll
0x00007fffab810000 - 0x00007fffab8be000 	C:\WINDOWS\System32\ADVAPI32.dll
0x00007fffac3a0000 - 0x00007fffac43e000 	C:\WINDOWS\System32\msvcrt.dll
0x00007fffab8c0000 - 0x00007fffab95c000 	C:\WINDOWS\System32\sechost.dll
0x00007fffaaf10000 - 0x00007fffab035000 	C:\WINDOWS\System32\RPCRT4.dll
0x00007fffab050000 - 0x00007fffab1f1000 	C:\WINDOWS\System32\USER32.dll
0x00007fffaa1f0000 - 0x00007fffaa212000 	C:\WINDOWS\System32\win32u.dll
0x00007fffac440000 - 0x00007fffac46b000 	C:\WINDOWS\System32\GDI32.dll
0x00007fffa4710000 - 0x00007fffa472a000 	C:\Program Files\Java\jdk-17.0.5\bin\VCRUNTIME140.dll
0x00007fffaa530000 - 0x00007fffaa63f000 	C:\WINDOWS\System32\gdi32full.dll
0x00007fffaa490000 - 0x00007fffaa52d000 	C:\WINDOWS\System32\msvcp_win.dll
0x00007fff8e520000 - 0x00007fff8e7ba000 	C:\WINDOWS\WinSxS\amd64_microsoft.windows.common-controls_6595b64144ccf1df_6.0.19041.1110_none_60b5254171f9507e\COMCTL32.dll
0x00007fffa2490000 - 0x00007fffa249a000 	C:\WINDOWS\SYSTEM32\VERSION.dll
0x00007fffac120000 - 0x00007fffac152000 	C:\WINDOWS\System32\IMM32.DLL
0x00007fffa46b0000 - 0x00007fffa46bc000 	C:\Program Files\Java\jdk-17.0.5\bin\vcruntime140_1.dll
0x00007fff92d40000 - 0x00007fff92dcd000 	C:\Program Files\Java\jdk-17.0.5\bin\msvcp140.dll
0x00007fff6cb60000 - 0x00007fff6d722000 	C:\Program Files\Java\jdk-17.0.5\bin\server\jvm.dll
0x00007fffab040000 - 0x00007fffab048000 	C:\WINDOWS\System32\PSAPI.DLL
0x00007fffa5c00000 - 0x00007fffa5c09000 	C:\WINDOWS\SYSTEM32\WSOCK32.dll
0x00007fff97890000 - 0x00007fff978b7000 	C:\WINDOWS\SYSTEM32\WINMM.dll
0x00007fffaa750000 - 0x00007fffaa7bb000 	C:\WINDOWS\System32\WS2_32.dll
0x00007fffa7c00000 - 0x00007fffa7c12000 	C:\WINDOWS\SYSTEM32\kernel.appcore.dll
0x00007fffa46a0000 - 0x00007fffa46aa000 	C:\Program Files\Java\jdk-17.0.5\bin\jimage.dll
0x00007fff9ae00000 - 0x00007fff9afe4000 	C:\WINDOWS\SYSTEM32\DBGHELP.DLL
0x00007fff9adc0000 - 0x00007fff9adf5000 	C:\WINDOWS\SYSTEM32\dbgcore.DLL
0x00007fffaa250000 - 0x00007fffaa2d2000 	C:\WINDOWS\System32\bcryptPrimitives.dll
0x00007fff96e90000 - 0x00007fff96eb5000 	C:\Program Files\Java\jdk-17.0.5\bin\java.dll
0x00007fff92f60000 - 0x00007fff93036000 	C:\Program Files\Java\jdk-17.0.5\bin\jsvml.dll
0x00007fffaa7c0000 - 0x00007fffaaf04000 	C:\WINDOWS\System32\SHELL32.dll
0x00007fffa7e00000 - 0x00007fffa8592000 	C:\WINDOWS\SYSTEM32\windows.storage.dll
0x00007fffab290000 - 0x00007fffab5e5000 	C:\WINDOWS\System32\combase.dll
0x00007fffa96c0000 - 0x00007fffa96f0000 	C:\WINDOWS\SYSTEM32\Wldp.dll
0x00007fffac290000 - 0x00007fffac33d000 	C:\WINDOWS\System32\SHCORE.dll
0x00007fffac340000 - 0x00007fffac395000 	C:\WINDOWS\System32\shlwapi.dll
0x00007fffa9c80000 - 0x00007fffa9c9f000 	C:\WINDOWS\SYSTEM32\profapi.dll
0x00007fffa3580000 - 0x00007fffa3599000 	C:\Program Files\Java\jdk-17.0.5\bin\net.dll
0x00007fffa21f0000 - 0x00007fffa22fc000 	C:\WINDOWS\SYSTEM32\WINHTTP.dll
0x00007fffa9420000 - 0x00007fffa948a000 	C:\WINDOWS\system32\mswsock.dll
0x00007fff9a790000 - 0x00007fff9a7a6000 	C:\Program Files\Java\jdk-17.0.5\bin\nio.dll
0x00007fff96e70000 - 0x00007fff96e88000 	C:\Program Files\Java\jdk-17.0.5\bin\zip.dll

dbghelp: loaded successfully - version: 4.0.5 - missing functions: none
symbol engine: initialized successfully - sym options: 0x614 - pdb path: .;C:\Program Files\Java\jdk-17.0.5\bin;C:\WINDOWS\SYSTEM32;C:\WINDOWS\WinSxS\amd64_microsoft.windows.common-controls_6595b64144ccf1df_6.0.19041.1110_none_60b5254171f9507e;C:\Program Files\Java\jdk-17.0.5\bin\server

VM Arguments:
jvm_args: -Dfile.encoding=UTF-8 --module-path=C:\Users\Sam Carter\OneDrive\Documents\NetBeansProjects\University Management System\build\classes 
java_command: university.management.system.About
java_class_path (initial): C:\Users\Sam Carter\OneDrive\Documents\NetBeansProjects;C:\Users\Sam Carter\Downloads\mysql-connector-java-8.0.28.jar;C:\Users\Sam Carter\Downloads\jcalendar-tz-1.3.3-4.jar;C:\Users\Sam Carter\Downloads\rs2xml.jar;C:\Users\Sam Carter\OneDrive\Documents\NetBeansProjects\University Management System\build\classes
Launcher Type: SUN_STANDARD

[Global flags]
     intx CICompilerCount                          = 3                                         {product} {ergonomic}
     uint ConcGCThreads                            = 1                                         {product} {ergonomic}
     uint G1ConcRefinementThreads                  = 4                                         {product} {ergonomic}
   size_t G1HeapRegionSize                         = 1048576                                   {product} {ergonomic}
    uintx GCDrainStackTargetSize                   = 64                                        {product} {ergonomic}
   size_t InitialHeapSize                          = 58720256                                  {product} {ergonomic}
   size_t MarkStackSize                            = 4194304                                   {product} {ergonomic}
   size_t MaxHeapSize                              = 916455424                                 {product} {ergonomic}
   size_t MaxNewSize                               = 549453824                                 {product} {ergonomic}
   size_t MinHeapDeltaBytes                        = 1048576                                   {product} {ergonomic}
   size_t MinHeapSize                              = 8388608                                   {product} {ergonomic}
    uintx NonNMethodCodeHeapSize                   = 5832780                                {pd product} {ergonomic}
    uintx NonProfiledCodeHeapSize                  = 122912730                              {pd product} {ergonomic}
    uintx ProfiledCodeHeapSize                     = 122912730                              {pd product} {ergonomic}
    uintx ReservedCodeCacheSize                    = 251658240                              {pd product} {ergonomic}
     bool SegmentedCodeCache                       = true                                      {product} {ergonomic}
   size_t SoftMaxHeapSize                          = 916455424                              {manageable} {ergonomic}
     bool UseCompressedClassPointers               = true                           {product lp64_product} {ergonomic}
     bool UseCompressedOops                        = true                           {product lp64_product} {ergonomic}
     bool UseG1GC                                  = true                                      {product} {ergonomic}
     bool UseLargePagesIndividualAllocation        = false                                  {pd product} {ergonomic}

Logging:
Log output configuration:
 #0: stdout all=warning uptime,level,tags
 #1: stderr all=off uptime,level,tags

Environment Variables:
PATH=C:\Program Files\Common Files\Oracle\Java\javapath;C:\Program Files (x86)\Common Files\Oracle\Java\javapath;C:\Program Files (x86)\VMware\VMware Workstation\bin\;C:\WINDOWS\system32;C:\WINDOWS;C:\WINDOWS\System32\Wbem;C:\WINDOWS\System32\WindowsPowerShell\v1.0\;C:\WINDOWS\System32\OpenSSH\;C:\Program Files\dotnet\;C:\Windows\Microsoft.NET\Framework\v4.0.30319;C:\Program Files\Java\jdk-17.0.5\bin;C:\Program Files\MySQL\MySQL Shell 8.0\bin\;C:\Windows\Microsoft.NET\Framework\v4.0.30319;C:\Users\Sam Carter\AppData\Local\Programs\Microsoft VS Code\bin
USERNAME=Sam Carter
OS=Windows_NT
PROCESSOR_IDENTIFIER=AMD64 Family 23 Model 17 Stepping 0, AuthenticAMD



---------------  S Y S T E M  ---------------

OS:
 Windows 10 , 64 bit Build 19041 (10.0.19041.2364)
OS uptime: 22 days 16:00 hours

CPU: total 4 (initial active 4) (4 cores per cpu, 2 threads per core) family 23 model 17 stepping 0 microcode 0x0, cx8, cmov, fxsr, ht, mmx, 3dnowpref, sse, sse2, sse3, ssse3, sse4a, sse4.1, sse4.2, popcnt, lzcnt, tsc, tscinvbit, avx, avx2, aes, clmul, bmi1, bmi2, adx, sha, fma, vzeroupper, clflush, clflushopt

Memory: 4k page, system-wide physical 3491M (371M free)
TotalPageFile size 15081M (AvailPageFile size 4M)
current process WorkingSet (physical memory assigned to process): 32M, peak: 32M
current process commit charge ("private bytes"): 128M, peak: 128M

vm_info: Java HotSpot(TM) 64-Bit Server VM (17.0.5+9-LTS-191) for windows-amd64 JRE (17.0.5+9-LTS-191), built on Sep 13 2022 17:31:43 by "mach5one" with MS VC++ 16.8 / 16.9 (VS2019)

END.
