#
# There is insufficient memory for the Java Runtime Environment to continue.
# Native memory allocation (mmap) failed to map 65536 bytes for Failed to commit metaspace.
# Possible reasons:
#   The system is out of physical RAM or swap space
#   The process is running with CompressedOops enabled, and the Java Heap may be blocking the growth of the native heap
# Possible solutions:
#   Reduce memory load on the system
#   Increase physical memory or swap space
#   Check if swap backing store is full
#   Decrease Java heap size (-Xmx/-Xms)
#   Decrease number of Java threads
#   Decrease Java thread stack sizes (-Xss)
#   Set larger code cache with -XX:ReservedCodeCacheSize=
#   JVM is running with Unscaled Compressed Oops mode in which the Java heap is
#     placed in the first 4GB address space. The Java Heap base address is the
#     maximum limit for the native heap growth. Please use -XX:HeapBaseMinAddress
#     to set the Java Heap base and to place the Java Heap above 4GB virtual address.
# This output file may be truncated or incomplete.
#
#  Out of Memory Error (virtualSpaceNode.cpp:110), pid=8044, tid=10704
#
# JRE version: Java(TM) SE Runtime Environment (17.0.5+9) (build 17.0.5+9-LTS-191)
# Java VM: Java HotSpot(TM) 64-Bit Server VM (17.0.5+9-LTS-191, mixed mode, tiered, compressed oops, compressed class ptrs, g1 gc, windows-amd64)
# No core dump will be written. Minidumps are not enabled by default on client versions of Windows
#

---------------  S U M M A R Y ------------

Command Line: -Dfile.encoding=UTF-8 --module-path=C:\Users\Sam Carter\OneDrive\Documents\NetBeansProjects\University Management System\build\classes university.management.system.About

Host: AMD Ryzen 3 2200U with Radeon Vega Mobile Gfx  , 4 cores, 3G,  Windows 10 , 64 bit Build 19041 (10.0.19041.2364)
Time: Fri Mar  3 16:17:41 2023 India Standard Time elapsed time: 0.192325 seconds (0d 0h 0m 0s)

---------------  T H R E A D  ---------------

Current thread (0x00000274f97cfe70):  JavaThread "main" [_thread_in_vm, id=10704, stack(0x000000a0b9700000,0x000000a0b9800000)]

Stack: [0x000000a0b9700000,0x000000a0b9800000]
Native frames: (J=compiled Java code, j=interpreted, Vv=VM code, C=native code)
V  [jvm.dll+0x672eea]
V  [jvm.dll+0x7d2a04]
V  [jvm.dll+0x7d41ae]
V  [jvm.dll+0x7d4813]
V  [jvm.dll+0x242c15]
V  [jvm.dll+0x7ce9ab]
V  [jvm.dll+0x618bb6]
V  [jvm.dll+0x618c1a]
V  [jvm.dll+0x61b42a]
V  [jvm.dll+0x619556]
V  [jvm.dll+0x238720]
V  [jvm.dll+0x1e885d]
V  [jvm.dll+0x1de2a1]
V  [jvm.dll+0x5393e0]
V  [jvm.dll+0x1eea87]
V  [jvm.dll+0x74c92b]
V  [jvm.dll+0x74dcd2]
V  [jvm.dll+0x74e008]
V  [jvm.dll+0x23b08e]
V  [jvm.dll+0x37b6ce]
C  0x00000274877bb6e4

Java frames: (J=compiled Java code, j=interpreted, Vv=VM code)
j  java.util.stream.Stream.of(Ljava/lang/Object;)Ljava/util/stream/Stream;+0 java.base@17.0.5
j  java.util.Optional.stream()Ljava/util/stream/Stream;+15 java.base@17.0.5
j  java.lang.module.ModuleFinder$2$$Lambda$10+0x0000000100013fd0.apply(Ljava/lang/Object;)Ljava/lang/Object;+4 java.base@17.0.5
j  java.util.stream.ReferencePipeline$7$1.accept(Ljava/lang/Object;)V+8 java.base@17.0.5
j  java.util.stream.ReferencePipeline$3$1.accept(Ljava/lang/Object;)V+17 java.base@17.0.5
j  java.util.AbstractList$RandomAccessSpliterator.tryAdvance(Ljava/util/function/Consumer;)Z+43 java.base@17.0.5
j  java.util.stream.ReferencePipeline.forEachWithCancel(Ljava/util/Spliterator;Ljava/util/stream/Sink;)Z+13 java.base@17.0.5
j  java.util.stream.AbstractPipeline.copyIntoWithCancel(Ljava/util/stream/Sink;Ljava/util/Spliterator;)Z+32 java.base@17.0.5
j  java.util.stream.AbstractPipeline.copyInto(Ljava/util/stream/Sink;Ljava/util/Spliterator;)V+49 java.base@17.0.5
j  java.util.stream.AbstractPipeline.wrapAndCopyInto(Ljava/util/stream/Sink;Ljava/util/Spliterator;)Ljava/util/stream/Sink;+13 java.base@17.0.5
j  java.util.stream.FindOps$FindOp.evaluateSequential(Ljava/util/stream/PipelineHelper;Ljava/util/Spliterator;)Ljava/lang/Object;+14 java.base@17.0.5
j  java.util.stream.AbstractPipeline.evaluate(Ljava/util/stream/TerminalOp;)Ljava/lang/Object;+88 java.base@17.0.5
j  java.util.stream.ReferencePipeline.findFirst()Ljava/util/Optional;+5 java.base@17.0.5
j  java.lang.module.ModuleFinder$2.find(Ljava/lang/String;)Ljava/util/Optional;+53 java.base@17.0.5
j  jdk.internal.module.DefaultRoots.lambda$compute$1(Ljava/lang/module/ModuleFinder;Ljava/lang/module/ModuleDescriptor;)Z+5 java.base@17.0.5
j  jdk.internal.module.DefaultRoots$$Lambda$3+0x000000010003eec8.test(Ljava/lang/Object;)Z+8 java.base@17.0.5
j  java.util.stream.ReferencePipeline$2$1.accept(Ljava/lang/Object;)V+8 java.base@17.0.5
j  java.util.stream.ReferencePipeline$3$1.accept(Ljava/lang/Object;)V+17 java.base@17.0.5
j  java.util.stream.ReferencePipeline$2$1.accept(Ljava/lang/Object;)V+21 java.base@17.0.5
j  java.util.Iterator.forEachRemaining(Ljava/util/function/Consumer;)V+21 java.base@17.0.5
j  java.util.Spliterators$IteratorSpliterator.forEachRemaining(Ljava/util/function/Consumer;)V+52 java.base@17.0.5
j  java.util.stream.AbstractPipeline.copyInto(Ljava/util/stream/Sink;Ljava/util/Spliterator;)V+32 java.base@17.0.5
j  java.util.stream.AbstractPipeline.wrapAndCopyInto(Ljava/util/stream/Sink;Ljava/util/Spliterator;)Ljava/util/stream/Sink;+13 java.base@17.0.5
j  java.util.stream.ReduceOps$ReduceOp.evaluateSequential(Ljava/util/stream/PipelineHelper;Ljava/util/Spliterator;)Ljava/lang/Object;+6 java.base@17.0.5
j  java.util.stream.AbstractPipeline.evaluate(Ljava/util/stream/TerminalOp;)Ljava/lang/Object;+88 java.base@17.0.5
j  java.util.stream.ReferencePipeline.collect(Ljava/util/stream/Collector;)Ljava/lang/Object;+86 java.base@17.0.5
j  jdk.internal.module.DefaultRoots.compute(Ljava/lang/module/ModuleFinder;Ljava/lang/module/ModuleFinder;)Ljava/util/Set;+55 java.base@17.0.5
j  jdk.internal.module.ModuleBootstrap.boot2()Ljava/lang/ModuleLayer;+727 java.base@17.0.5
j  jdk.internal.module.ModuleBootstrap.boot()Ljava/lang/ModuleLayer;+64 java.base@17.0.5
j  java.lang.System.initPhase2(ZZ)I+0 java.base@17.0.5
v  ~StubRoutines::call_stub

---------------  P R O C E S S  ---------------

Threads class SMR info:
_java_thread_list=0x000002749754c370, length=11, elements={
0x00000274f97cfe70, 0x0000027496906a60, 0x0000027496908fa0, 0x0000027496924070,
0x000002749693c260, 0x000002749693d740, 0x0000027496932860, 0x0000027496937510,
0x000002749693f750, 0x00000274969513c0, 0x000002749754f040
}

Java Threads: ( => current thread )
=>0x00000274f97cfe70 JavaThread "main" [_thread_in_vm, id=10704, stack(0x000000a0b9700000,0x000000a0b9800000)]
  0x0000027496906a60 JavaThread "Reference Handler" daemon [_thread_blocked, id=19476, stack(0x000000a0b9e00000,0x000000a0b9f00000)]
  0x0000027496908fa0 JavaThread "Finalizer" daemon [_thread_blocked, id=6044, stack(0x000000a0b9f00000,0x000000a0ba000000)]
  0x0000027496924070 JavaThread "Signal Dispatcher" daemon [_thread_blocked, id=3540, stack(0x000000a0ba000000,0x000000a0ba100000)]
  0x000002749693c260 JavaThread "Attach Listener" daemon [_thread_blocked, id=6468, stack(0x000000a0ba100000,0x000000a0ba200000)]
  0x000002749693d740 JavaThread "Service Thread" daemon [_thread_blocked, id=20172, stack(0x000000a0ba200000,0x000000a0ba300000)]
  0x0000027496932860 JavaThread "Monitor Deflation Thread" daemon [_thread_blocked, id=9188, stack(0x000000a0ba300000,0x000000a0ba400000)]
  0x0000027496937510 JavaThread "C2 CompilerThread0" daemon [_thread_blocked, id=8960, stack(0x000000a0ba400000,0x000000a0ba500000)]
  0x000002749693f750 JavaThread "C1 CompilerThread0" daemon [_thread_blocked, id=2244, stack(0x000000a0ba500000,0x000000a0ba600000)]
  0x00000274969513c0 JavaThread "Sweeper thread" daemon [_thread_blocked, id=10336, stack(0x000000a0ba600000,0x000000a0ba700000)]
  0x000002749754f040 JavaThread "Common-Cleaner" daemon [_thread_blocked, id=15704, stack(0x000000a0ba700000,0x000000a0ba800000)]

Other Threads:
  0x00000274968a34b0 VMThread "VM Thread" [stack: 0x000000a0b9d00000,0x000000a0b9e00000] [id=19472]
  0x00000274f98099f0 GCTaskThread "GC Thread#0" [stack: 0x000000a0b9800000,0x000000a0b9900000] [id=18680]
  0x00000274f9812da0 ConcurrentGCThread "G1 Main Marker" [stack: 0x000000a0b9900000,0x000000a0b9a00000] [id=19916]
  0x00000274f9814670 ConcurrentGCThread "G1 Conc#0" [stack: 0x000000a0b9a00000,0x000000a0b9b00000] [id=19860]
  0x00000274f9851120 ConcurrentGCThread "G1 Refine#0" [stack: 0x000000a0b9b00000,0x000000a0b9c00000] [id=20068]
  0x00000274f9851a50 ConcurrentGCThread "G1 Service" [stack: 0x000000a0b9c00000,0x000000a0b9d00000] [id=15420]

Threads with active compile tasks:

VM state: not at safepoint (normal execution)

VM Mutex/Monitor currently owned by a thread:  ([mutex/lock_event])
[0x00000274f776d070] Metaspace_lock - owner thread: 0x00000274f97cfe70

Heap address: 0x00000000c9600000, size: 874 MB, Compressed Oops mode: 32-bit

CDS archive(s) not mapped
Compressed class space mapped at: 0x0000000100000000-0x0000000140000000, reserved size: 1073741824
Narrow klass base: 0x0000000000000000, Narrow klass shift: 3, Narrow klass range: 0x140000000

GC Precious Log:
 CPUs: 4 total, 4 available
 Memory: 3491M
 Large Page Support: Disabled
 NUMA Support: Disabled
 Compressed Oops: Enabled (32-bit)
 Heap Region Size: 1M
 Heap Min Capacity: 8M
 Heap Initial Capacity: 56M
 Heap Max Capacity: 874M
 Pre-touch: Disabled
 Parallel Workers: 4
 Concurrent Workers: 1
 Concurrent Refinement Workers: 4
 Periodic GC: Disabled

Heap:
 garbage-first heap   total 57344K, used 1024K [0x00000000c9600000, 0x0000000100000000)
  region size 1024K, 2 young (2048K), 0 survivors (0K)
 Metaspace       used 5080K, committed 5248K, reserved 1056768K
  class space    used 407K, committed 512K, reserved 1048576K

Heap Regions: E=young(eden), S=young(survivor), O=old, HS=humongous(starts), HC=humongous(continues), CS=collection set, F=free, OA=open archive, CA=closed archive, TAMS=top-at-mark-start (previous, next)
|   0|0x00000000c9600000, 0x00000000c9600000, 0x00000000c9700000|  0%| F|  |TAMS 0x00000000c9600000, 0x00000000c9600000| Untracked 
|   1|0x00000000c9700000, 0x00000000c9700000, 0x00000000c9800000|  0%| F|  |TAMS 0x00000000c9700000, 0x00000000c9700000| Untracked 
|   2|0x00000000c9800000, 0x00000000c9800000, 0x00000000c9900000|  0%| F|  |TAMS 0x00000000c9800000, 0x00000000c9800000| Untracked 
|   3|0x00000000c9900000, 0x00000000c9900000, 0x00000000c9a00000|  0%| F|  |TAMS 0x00000000c9900000, 0x00000000c9900000| Untracked 
|   4|0x00000000c9a00000, 0x00000000c9a00000, 0x00000000c9b00000|  0%| F|  |TAMS 0x00000000c9a00000, 0x00000000c9a00000| Untracked 
|   5|0x00000000c9b00000, 0x00000000c9b00000, 0x00000000c9c00000|  0%| F|  |TAMS 0x00000000c9b00000, 0x00000000c9b00000| Untracked 
|   6|0x00000000c9c00000, 0x00000000c9c00000, 0x00000000c9d00000|  0%| F|  |TAMS 0x00000000c9c00000, 0x00000000c9c00000| Untracked 
|   7|0x00000000c9d00000, 0x00000000c9d00000, 0x00000000c9e00000|  0%| F|  |TAMS 0x00000000c9d00000, 0x00000000c9d00000| Untracked 
|   8|0x00000000c9e00000, 0x00000000c9e00000, 0x00000000c9f00000|  0%| F|  |TAMS 0x00000000c9e00000, 0x00000000c9e00000| Untracked 
|   9|0x00000000c9f00000, 0x00000000c9f00000, 0x00000000ca000000|  0%| F|  |TAMS 0x00000000c9f00000, 0x00000000c9f00000| Untracked 
|  10|0x00000000ca000000, 0x00000000ca000000, 0x00000000ca100000|  0%| F|  |TAMS 0x00000000ca000000, 0x00000000ca000000| Untracked 
|  11|0x00000000ca100000, 0x00000000ca100000, 0x00000000ca200000|  0%| F|  |TAMS 0x00000000ca100000, 0x00000000ca100000| Untracked 
|  12|0x00000000ca200000, 0x00000000ca200000, 0x00000000ca300000|  0%| F|  |TAMS 0x00000000ca200000, 0x00000000ca200000| Untracked 
|  13|0x00000000ca300000, 0x00000000ca300000, 0x00000000ca400000|  0%| F|  |TAMS 0x00000000ca300000, 0x00000000ca300000| Untracked 
|  14|0x00000000ca400000, 0x00000000ca400000, 0x00000000ca500000|  0%| F|  |TAMS 0x00000000ca400000, 0x00000000ca400000| Untracked 
|  15|0x00000000ca500000, 0x00000000ca500000, 0x00000000ca600000|  0%| F|  |TAMS 0x00000000ca500000, 0x00000000ca500000| Untracked 
|  16|0x00000000ca600000, 0x00000000ca600000, 0x00000000ca700000|  0%| F|  |TAMS 0x00000000ca600000, 0x00000000ca600000| Untracked 
|  17|0x00000000ca700000, 0x00000000ca700000, 0x00000000ca800000|  0%| F|  |TAMS 0x00000000ca700000, 0x00000000ca700000| Untracked 
|  18|0x00000000ca800000, 0x00000000ca800000, 0x00000000ca900000|  0%| F|  |TAMS 0x00000000ca800000, 0x00000000ca800000| Untracked 
|  19|0x00000000ca900000, 0x00000000ca900000, 0x00000000caa00000|  0%| F|  |TAMS 0x00000000ca900000, 0x00000000ca900000| Untracked 
|  20|0x00000000caa00000, 0x00000000caa00000, 0x00000000cab00000|  0%| F|  |TAMS 0x00000000caa00000, 0x00000000caa00000| Untracked 
|  21|0x00000000cab00000, 0x00000000cab00000, 0x00000000cac00000|  0%| F|  |TAMS 0x00000000cab00000, 0x00000000cab00000| Untracked 
|  22|0x00000000cac00000, 0x00000000cac00000, 0x00000000cad00000|  0%| F|  |TAMS 0x00000000cac00000, 0x00000000cac00000| Untracked 
|  23|0x00000000cad00000, 0x00000000cad00000, 0x00000000cae00000|  0%| F|  |TAMS 0x00000000cad00000, 0x00000000cad00000| Untracked 
|  24|0x00000000cae00000, 0x00000000cae00000, 0x00000000caf00000|  0%| F|  |TAMS 0x00000000cae00000, 0x00000000cae00000| Untracked 
|  25|0x00000000caf00000, 0x00000000caf00000, 0x00000000cb000000|  0%| F|  |TAMS 0x00000000caf00000, 0x00000000caf00000| Untracked 
|  26|0x00000000cb000000, 0x00000000cb000000, 0x00000000cb100000|  0%| F|  |TAMS 0x00000000cb000000, 0x00000000cb000000| Untracked 
|  27|0x00000000cb100000, 0x00000000cb100000, 0x00000000cb200000|  0%| F|  |TAMS 0x00000000cb100000, 0x00000000cb100000| Untracked 
|  28|0x00000000cb200000, 0x00000000cb200000, 0x00000000cb300000|  0%| F|  |TAMS 0x00000000cb200000, 0x00000000cb200000| Untracked 
|  29|0x00000000cb300000, 0x00000000cb300000, 0x00000000cb400000|  0%| F|  |TAMS 0x00000000cb300000, 0x00000000cb300000| Untracked 
|  30|0x00000000cb400000, 0x00000000cb400000, 0x00000000cb500000|  0%| F|  |TAMS 0x00000000cb400000, 0x00000000cb400000| Untracked 
|  31|0x00000000cb500000, 0x00000000cb500000, 0x00000000cb600000|  0%| F|  |TAMS 0x00000000cb500000, 0x00000000cb500000| Untracked 
|  32|0x00000000cb600000, 0x00000000cb600000, 0x00000000cb700000|  0%| F|  |TAMS 0x00000000cb600000, 0x00000000cb600000| Untracked 
|  33|0x00000000cb700000, 0x00000000cb700000, 0x00000000cb800000|  0%| F|  |TAMS 0x00000000cb700000, 0x00000000cb700000| Untracked 
|  34|0x00000000cb800000, 0x00000000cb800000, 0x00000000cb900000|  0%| F|  |TAMS 0x00000000cb800000, 0x00000000cb800000| Untracked 
|  35|0x00000000cb900000, 0x00000000cb900000, 0x00000000cba00000|  0%| F|  |TAMS 0x00000000cb900000, 0x00000000cb900000| Untracked 
|  36|0x00000000cba00000, 0x00000000cba00000, 0x00000000cbb00000|  0%| F|  |TAMS 0x00000000cba00000, 0x00000000cba00000| Untracked 
|  37|0x00000000cbb00000, 0x00000000cbb00000, 0x00000000cbc00000|  0%| F|  |TAMS 0x00000000cbb00000, 0x00000000cbb00000| Untracked 
|  38|0x00000000cbc00000, 0x00000000cbc00000, 0x00000000cbd00000|  0%| F|  |TAMS 0x00000000cbc00000, 0x00000000cbc00000| Untracked 
|  39|0x00000000cbd00000, 0x00000000cbd00000, 0x00000000cbe00000|  0%| F|  |TAMS 0x00000000cbd00000, 0x00000000cbd00000| Untracked 
|  40|0x00000000cbe00000, 0x00000000cbe00000, 0x00000000cbf00000|  0%| F|  |TAMS 0x00000000cbe00000, 0x00000000cbe00000| Untracked 
|  41|0x00000000cbf00000, 0x00000000cbf00000, 0x00000000cc000000|  0%| F|  |TAMS 0x00000000cbf00000, 0x00000000cbf00000| Untracked 
|  42|0x00000000cc000000, 0x00000000cc000000, 0x00000000cc100000|  0%| F|  |TAMS 0x00000000cc000000, 0x00000000cc000000| Untracked 
|  43|0x00000000cc100000, 0x00000000cc100000, 0x00000000cc200000|  0%| F|  |TAMS 0x00000000cc100000, 0x00000000cc100000| Untracked 
|  44|0x00000000cc200000, 0x00000000cc200000, 0x00000000cc300000|  0%| F|  |TAMS 0x00000000cc200000, 0x00000000cc200000| Untracked 
|  45|0x00000000cc300000, 0x00000000cc300000, 0x00000000cc400000|  0%| F|  |TAMS 0x00000000cc300000, 0x00000000cc300000| Untracked 
|  46|0x00000000cc400000, 0x00000000cc400000, 0x00000000cc500000|  0%| F|  |TAMS 0x00000000cc400000, 0x00000000cc400000| Untracked 
|  47|0x00000000cc500000, 0x00000000cc500000, 0x00000000cc600000|  0%| F|  |TAMS 0x00000000cc500000, 0x00000000cc500000| Untracked 
|  48|0x00000000cc600000, 0x00000000cc600000, 0x00000000cc700000|  0%| F|  |TAMS 0x00000000cc600000, 0x00000000cc600000| Untracked 
|  49|0x00000000cc700000, 0x00000000cc700000, 0x00000000cc800000|  0%| F|  |TAMS 0x00000000cc700000, 0x00000000cc700000| Untracked 
|  50|0x00000000cc800000, 0x00000000cc800000, 0x00000000cc900000|  0%| F|  |TAMS 0x00000000cc800000, 0x00000000cc800000| Untracked 
|  51|0x00000000cc900000, 0x00000000cc900000, 0x00000000cca00000|  0%| F|  |TAMS 0x00000000cc900000, 0x00000000cc900000| Untracked 
|  52|0x00000000cca00000, 0x00000000cca00000, 0x00000000ccb00000|  0%| F|  |TAMS 0x00000000cca00000, 0x00000000cca00000| Untracked 
|  53|0x00000000ccb00000, 0x00000000ccb00000, 0x00000000ccc00000|  0%| F|  |TAMS 0x00000000ccb00000, 0x00000000ccb00000| Untracked 
|  54|0x00000000ccc00000, 0x00000000ccc43108, 0x00000000ccd00000| 26%| E|  |TAMS 0x00000000ccc00000, 0x00000000ccc00000| Complete 
|  55|0x00000000ccd00000, 0x00000000cce00000, 0x00000000cce00000|100%| E|CS|TAMS 0x00000000ccd00000, 0x00000000ccd00000| Complete 

Card table byte_map: [0x00000274f98b0000,0x00000274f9a70000] _byte_map_base: 0x00000274f9265000

Marking Bits (Prev, Next): (CMBitMap*) 0x00000274f980af20, (CMBitMap*) 0x00000274f980af60
 Prev Bits: [0x00000274f9c30000, 0x00000274fa9d8000)
 Next Bits: [0x00000274fa9e0000, 0x00000274fb788000)

Polling page: 0x00000274f7780000

Metaspace:

Usage:
  Non-class:      4.56 MB used.
      Class:    407.63 KB used.
       Both:      4.96 MB used.

Virtual space:
  Non-class space:        8.00 MB reserved,       4.62 MB ( 58%) committed,  1 nodes.
      Class space:        1.00 GB reserved,     512.00 KB ( <1%) committed,  1 nodes.
             Both:        1.01 GB reserved,       5.12 MB ( <1%) committed. 

Chunk freelists:
   Non-Class:  3.00 MB
       Class:  3.56 MB
        Both:  6.56 MB

MaxMetaspaceSize: unlimited
CompressedClassSpaceSize: 1.00 GB
Initial GC threshold: 21.00 MB
Current GC threshold: 21.00 MB
CDS: off
MetaspaceReclaimPolicy: balanced
 - commit_granule_bytes: 65536.
 - commit_granule_words: 8192.
 - virtual_space_node_default_size: 1048576.
 - enlarge_chunks_in_place: 1.
 - new_chunks_are_fully_committed: 0.
 - uncommit_free_chunks: 1.
 - use_allocation_guard: 0.
 - handle_deallocations: 1.


Internal statistics:

num_allocs_failed_limit: 0.
num_arena_births: 4.
num_arena_deaths: 0.
num_vsnodes_births: 2.
num_vsnodes_deaths: 0.
num_space_committed: 82.
num_space_uncommitted: 0.
num_chunks_returned_to_freelist: 0.
num_chunks_taken_from_freelist: 8.
num_chunk_merges: 0.
num_chunk_splits: 3.
num_chunks_enlarged: 1.
num_purges: 0.
num_inconsistent_stats: 0.

CodeHeap 'non-profiled nmethods': size=120000Kb used=24Kb max_used=24Kb free=119975Kb
 bounds [0x000002748f270000, 0x000002748f4e0000, 0x00000274967a0000]
CodeHeap 'profiled nmethods': size=120000Kb used=95Kb max_used=95Kb free=119904Kb
 bounds [0x0000027487d40000, 0x0000027487fb0000, 0x000002748f270000]
CodeHeap 'non-nmethods': size=5760Kb used=1077Kb max_used=1077Kb free=4682Kb
 bounds [0x00000274877a0000, 0x0000027487a10000, 0x0000027487d40000]
 total_blobs=429 nmethods=85 adapters=257
 compilation: enabled
              stopped_count=0, restarted_count=0
 full_count=0

Compilation events (20 events):
Event: 0.184 Thread 0x000002749693f750 nmethod 74 0x0000027487d52e90 code [0x0000027487d53040, 0x0000027487d53248]
Event: 0.185 Thread 0x000002749693f750   75       3       java.lang.Class::getClassLoader (28 bytes)
Event: 0.186 Thread 0x000002749693f750 nmethod 75 0x0000027487d53390 code [0x0000027487d535e0, 0x0000027487d54138]
Event: 0.186 Thread 0x000002749693f750   76       3       java.lang.AbstractStringBuilder::isLatin1 (19 bytes)
Event: 0.186 Thread 0x000002749693f750 nmethod 76 0x0000027487d54490 code [0x0000027487d54620, 0x0000027487d54798]
Event: 0.186 Thread 0x000002749693f750   77       3       jdk.internal.org.objectweb.asm.SymbolTable::hash (10 bytes)
Event: 0.186 Thread 0x000002749693f750 nmethod 77 0x0000027487d54810 code [0x0000027487d549a0, 0x0000027487d54ac8]
Event: 0.186 Thread 0x000002749693f750   78       1       java.lang.invoke.MethodType::form (5 bytes)
Event: 0.186 Thread 0x000002749693f750 nmethod 78 0x000002748f275d90 code [0x000002748f275f20, 0x000002748f275ff8]
Event: 0.187 Thread 0x000002749693f750   80       3       java.lang.invoke.MemberName::isInvocable (8 bytes)
Event: 0.187 Thread 0x000002749693f750 nmethod 80 0x0000027487d54b90 code [0x0000027487d54d40, 0x0000027487d54fd8]
Event: 0.187 Thread 0x000002749693f750   81       3       java.lang.invoke.MemberName::testAnyFlags (15 bytes)
Event: 0.187 Thread 0x000002749693f750 nmethod 81 0x0000027487d55110 code [0x0000027487d552c0, 0x0000027487d554f8]
Event: 0.187 Thread 0x000002749693f750   82       3       jdk.internal.org.objectweb.asm.Symbol::<init> (38 bytes)
Event: 0.188 Thread 0x000002749693f750 nmethod 82 0x0000027487d55590 code [0x0000027487d55740, 0x0000027487d559d8]
Event: 0.188 Thread 0x000002749693f750   83       3       java.lang.invoke.MethodType::makeImpl (109 bytes)
Event: 0.188 Thread 0x000002749693f750 nmethod 83 0x0000027487d55a90 code [0x0000027487d55d40, 0x0000027487d56af8]
Event: 0.188 Thread 0x000002749693f750   84       3       java.lang.String::indexOf (29 bytes)
Event: 0.189 Thread 0x000002749693f750 nmethod 84 0x0000027487d56f90 code [0x0000027487d57160, 0x0000027487d573f8]
Event: 0.189 Thread 0x000002749693f750   85       3       java.lang.StringLatin1::indexOf (36 bytes)

GC Heap History (0 events):
No events

Deoptimization events (0 events):
No events

Classes unloaded (0 events):
No events

Classes redefined (0 events):
No events

Internal exceptions (0 events):
No events

VM Operations (0 events):
No events

Events (20 events):
Event: 0.184 loading class java/util/stream/Sink$ChainedReference
Event: 0.184 loading class java/util/stream/Sink$ChainedReference done
Event: 0.184 loading class java/util/stream/ReferencePipeline$3$1 done
Event: 0.184 loading class java/util/stream/ReferencePipeline$2$1
Event: 0.184 loading class java/util/stream/ReferencePipeline$2$1 done
Event: 0.185 loading class java/util/AbstractList$RandomAccessSpliterator
Event: 0.185 loading class java/util/AbstractList$RandomAccessSpliterator done
Event: 0.186 loading class java/util/stream/ReferencePipeline$7
Event: 0.187 loading class java/util/stream/ReferencePipeline$7 done
Event: 0.187 loading class java/util/stream/FindOps
Event: 0.187 loading class java/util/stream/FindOps done
Event: 0.187 loading class java/util/stream/FindOps$FindSink$OfRef
Event: 0.187 loading class java/util/stream/FindOps$FindSink
Event: 0.187 loading class java/util/stream/FindOps$FindSink done
Event: 0.187 loading class java/util/stream/FindOps$FindSink$OfRef done
Event: 0.187 loading class java/util/stream/FindOps$FindOp
Event: 0.187 loading class java/util/stream/FindOps$FindOp done
Event: 0.188 loading class java/util/stream/ReferencePipeline$7$1
Event: 0.188 loading class java/util/stream/ReferencePipeline$7$1 done
Event: 0.189 loading class java/util/stream/Streams$StreamBuilderImpl


Dynamic libraries:
0x00007ff719ae0000 - 0x00007ff719af0000 	C:\Program Files\Java\jdk-17.0.5\bin\java.exe
0x00007fffac650000 - 0x00007fffac848000 	C:\WINDOWS\SYSTEM32\ntdll.dll
0x00007fffaa690000 - 0x00007fffaa74f000 	C:\WINDOWS\System32\KERNEL32.DLL
0x00007fffa9f10000 - 0x00007fffaa1e2000 	C:\WINDOWS\System32\KERNELBASE.dll
0x00007fffaa2e0000 - 0x00007fffaa3e0000 	C:\WINDOWS\System32\ucrtbase.dll
0x00007fff93590000 - 0x00007fff935a8000 	C:\Program Files\Java\jdk-17.0.5\bin\jli.dll
0x00007fffa4710000 - 0x00007fffa472a000 	C:\Program Files\Java\jdk-17.0.5\bin\VCRUNTIME140.dll
0x00007fffab810000 - 0x00007fffab8be000 	C:\WINDOWS\System32\ADVAPI32.dll
0x00007fffac3a0000 - 0x00007fffac43e000 	C:\WINDOWS\System32\msvcrt.dll
0x00007fffab8c0000 - 0x00007fffab95c000 	C:\WINDOWS\System32\sechost.dll
0x00007fffaaf10000 - 0x00007fffab035000 	C:\WINDOWS\System32\RPCRT4.dll
0x00007fffab050000 - 0x00007fffab1f1000 	C:\WINDOWS\System32\USER32.dll
0x00007fffaa1f0000 - 0x00007fffaa212000 	C:\WINDOWS\System32\win32u.dll
0x00007fff8e520000 - 0x00007fff8e7ba000 	C:\WINDOWS\WinSxS\amd64_microsoft.windows.common-controls_6595b64144ccf1df_6.0.19041.1110_none_60b5254171f9507e\COMCTL32.dll
0x00007fffac440000 - 0x00007fffac46b000 	C:\WINDOWS\System32\GDI32.dll
0x00007fffaa530000 - 0x00007fffaa63f000 	C:\WINDOWS\System32\gdi32full.dll
0x00007fffaa490000 - 0x00007fffaa52d000 	C:\WINDOWS\System32\msvcp_win.dll
0x00007fffa2490000 - 0x00007fffa249a000 	C:\WINDOWS\SYSTEM32\VERSION.dll
0x00007fffac120000 - 0x00007fffac152000 	C:\WINDOWS\System32\IMM32.DLL
0x00007fffa46b0000 - 0x00007fffa46bc000 	C:\Program Files\Java\jdk-17.0.5\bin\vcruntime140_1.dll
0x00007fff92d40000 - 0x00007fff92dcd000 	C:\Program Files\Java\jdk-17.0.5\bin\msvcp140.dll
0x00007fff6cb60000 - 0x00007fff6d722000 	C:\Program Files\Java\jdk-17.0.5\bin\server\jvm.dll
0x00007fffab040000 - 0x00007fffab048000 	C:\WINDOWS\System32\PSAPI.DLL
0x00007fffa5c00000 - 0x00007fffa5c09000 	C:\WINDOWS\SYSTEM32\WSOCK32.dll
0x00007fffaa750000 - 0x00007fffaa7bb000 	C:\WINDOWS\System32\WS2_32.dll
0x00007fff97890000 - 0x00007fff978b7000 	C:\WINDOWS\SYSTEM32\WINMM.dll
0x00007fffa7c00000 - 0x00007fffa7c12000 	C:\WINDOWS\SYSTEM32\kernel.appcore.dll
0x00007fffa46a0000 - 0x00007fffa46aa000 	C:\Program Files\Java\jdk-17.0.5\bin\jimage.dll
0x00007fff9ae00000 - 0x00007fff9afe4000 	C:\WINDOWS\SYSTEM32\DBGHELP.DLL
0x00007fff9adc0000 - 0x00007fff9adf5000 	C:\WINDOWS\SYSTEM32\dbgcore.DLL
0x00007fffaa250000 - 0x00007fffaa2d2000 	C:\WINDOWS\System32\bcryptPrimitives.dll
0x00007fff96e90000 - 0x00007fff96eb5000 	C:\Program Files\Java\jdk-17.0.5\bin\java.dll
0x00007fff92f60000 - 0x00007fff93036000 	C:\Program Files\Java\jdk-17.0.5\bin\jsvml.dll
0x00007fffaa7c0000 - 0x00007fffaaf04000 	C:\WINDOWS\System32\SHELL32.dll
0x00007fffa7e00000 - 0x00007fffa8592000 	C:\WINDOWS\SYSTEM32\windows.storage.dll
0x00007fffab290000 - 0x00007fffab5e5000 	C:\WINDOWS\System32\combase.dll
0x00007fffa96c0000 - 0x00007fffa96f0000 	C:\WINDOWS\SYSTEM32\Wldp.dll
0x00007fffac290000 - 0x00007fffac33d000 	C:\WINDOWS\System32\SHCORE.dll
0x00007fffac340000 - 0x00007fffac395000 	C:\WINDOWS\System32\shlwapi.dll
0x00007fffa9c80000 - 0x00007fffa9c9f000 	C:\WINDOWS\SYSTEM32\profapi.dll

dbghelp: loaded successfully - version: 4.0.5 - missing functions: none
symbol engine: initialized successfully - sym options: 0x614 - pdb path: .;C:\Program Files\Java\jdk-17.0.5\bin;C:\WINDOWS\SYSTEM32;C:\WINDOWS\WinSxS\amd64_microsoft.windows.common-controls_6595b64144ccf1df_6.0.19041.1110_none_60b5254171f9507e;C:\Program Files\Java\jdk-17.0.5\bin\server

VM Arguments:
jvm_args: -Dfile.encoding=UTF-8 --module-path=C:\Users\Sam Carter\OneDrive\Documents\NetBeansProjects\University Management System\build\classes 
java_command: university.management.system.About
java_class_path (initial): C:\Users\Sam Carter\OneDrive\Documents\NetBeansProjects;C:\Users\Sam Carter\Downloads\mysql-connector-java-8.0.28.jar;C:\Users\Sam Carter\Downloads\jcalendar-tz-1.3.3-4.jar;C:\Users\Sam Carter\Downloads\rs2xml.jar;C:\Users\Sam Carter\OneDrive\Documents\NetBeansProjects\University Management System\build\classes
Launcher Type: SUN_STANDARD

[Global flags]
     intx CICompilerCount                          = 3                                         {product} {ergonomic}
     uint ConcGCThreads                            = 1                                         {product} {ergonomic}
     uint G1ConcRefinementThreads                  = 4                                         {product} {ergonomic}
   size_t G1HeapRegionSize                         = 1048576                                   {product} {ergonomic}
    uintx GCDrainStackTargetSize                   = 64                                        {product} {ergonomic}
   size_t InitialHeapSize                          = 58720256                                  {product} {ergonomic}
   size_t MarkStackSize                            = 4194304                                   {product} {ergonomic}
   size_t MaxHeapSize                              = 916455424                                 {product} {ergonomic}
   size_t MaxNewSize                               = 549453824                                 {product} {ergonomic}
   size_t MinHeapDeltaBytes                        = 1048576                                   {product} {ergonomic}
   size_t MinHeapSize                              = 8388608                                   {product} {ergonomic}
    uintx NonNMethodCodeHeapSize                   = 5832780                                {pd product} {ergonomic}
    uintx NonProfiledCodeHeapSize                  = 122912730                              {pd product} {ergonomic}
    uintx ProfiledCodeHeapSize                     = 122912730                              {pd product} {ergonomic}
    uintx ReservedCodeCacheSize                    = 251658240                              {pd product} {ergonomic}
     bool SegmentedCodeCache                       = true                                      {product} {ergonomic}
   size_t SoftMaxHeapSize                          = 916455424                              {manageable} {ergonomic}
     bool UseCompressedClassPointers               = true                           {product lp64_product} {ergonomic}
     bool UseCompressedOops                        = true                           {product lp64_product} {ergonomic}
     bool UseG1GC                                  = true                                      {product} {ergonomic}
     bool UseLargePagesIndividualAllocation        = false                                  {pd product} {ergonomic}

Logging:
Log output configuration:
 #0: stdout all=warning uptime,level,tags
 #1: stderr all=off uptime,level,tags

Environment Variables:
PATH=C:\Program Files\Common Files\Oracle\Java\javapath;C:\Program Files (x86)\Common Files\Oracle\Java\javapath;C:\Program Files (x86)\VMware\VMware Workstation\bin\;C:\WINDOWS\system32;C:\WINDOWS;C:\WINDOWS\System32\Wbem;C:\WINDOWS\System32\WindowsPowerShell\v1.0\;C:\WINDOWS\System32\OpenSSH\;C:\Program Files\dotnet\;C:\Windows\Microsoft.NET\Framework\v4.0.30319;C:\Program Files\Java\jdk-17.0.5\bin;C:\Program Files\MySQL\MySQL Shell 8.0\bin\;C:\Windows\Microsoft.NET\Framework\v4.0.30319;C:\Users\Sam Carter\AppData\Local\Programs\Microsoft VS Code\bin
USERNAME=Sam Carter
OS=Windows_NT
PROCESSOR_IDENTIFIER=AMD64 Family 23 Model 17 Stepping 0, AuthenticAMD



---------------  S Y S T E M  ---------------

OS:
 Windows 10 , 64 bit Build 19041 (10.0.19041.2364)
OS uptime: 22 days 15:58 hours

CPU: total 4 (initial active 4) (4 cores per cpu, 2 threads per core) family 23 model 17 stepping 0 microcode 0x0, cx8, cmov, fxsr, ht, mmx, 3dnowpref, sse, sse2, sse3, ssse3, sse4a, sse4.1, sse4.2, popcnt, lzcnt, tsc, tscinvbit, avx, avx2, aes, clmul, bmi1, bmi2, adx, sha, fma, vzeroupper, clflush, clflushopt

Memory: 4k page, system-wide physical 3491M (189M free)
TotalPageFile size 15081M (AvailPageFile size 2M)
current process WorkingSet (physical memory assigned to process): 26M, peak: 26M
current process commit charge ("private bytes"): 119M, peak: 121M

vm_info: Java HotSpot(TM) 64-Bit Server VM (17.0.5+9-LTS-191) for windows-amd64 JRE (17.0.5+9-LTS-191), built on Sep 13 2022 17:31:43 by "mach5one" with MS VC++ 16.8 / 16.9 (VS2019)

END.
